<?xml version="1.0" encoding="UTF-8"?>
<coverage generated="1760706867265" clover="3.2.0">
  <project timestamp="1760706867265" name="All files">
    <metrics statements="35" coveredstatements="34" conditionals="30" coveredconditionals="28" methods="9" coveredmethods="9" elements="74" coveredelements="71" complexity="0" loc="35" ncloc="35" packages="1" files="5" classes="5"/>
    <file name="api.js" path="C:\GOG Games\ПРИЕХАТЬ В ВОИНКОМАТ ВЕСНОЙ\Учебка\Jest\jest-demo\api.js">
      <metrics statements="6" coveredstatements="6" conditionals="2" coveredconditionals="2" methods="3" coveredmethods="3"/>
      <line num="1" count="1" type="stmt"/>
      <line num="2" count="3" type="stmt"/>
      <line num="3" count="3" type="stmt"/>
      <line num="4" count="3" type="cond" truecount="2" falsecount="0"/>
      <line num="5" count="2" type="stmt"/>
      <line num="7" count="1" type="stmt"/>
    </file>
    <file name="logger.js" path="C:\GOG Games\ПРИЕХАТЬ В ВОИНКОМАТ ВЕСНОЙ\Учебка\Jest\jest-demo\logger.js">
      <metrics statements="6" coveredstatements="6" conditionals="2" coveredconditionals="2" methods="1" coveredmethods="1"/>
      <line num="1" count="1" type="stmt"/>
      <line num="2" count="3" type="cond" truecount="2" falsecount="0"/>
      <line num="3" count="1" type="stmt"/>
      <line num="4" count="1" type="stmt"/>
      <line num="6" count="2" type="stmt"/>
      <line num="7" count="2" type="stmt"/>
    </file>
    <file name="math.js" path="C:\GOG Games\ПРИЕХАТЬ В ВОИНКОМАТ ВЕСНОЙ\Учебка\Jest\jest-demo\math.js">
      <metrics statements="10" coveredstatements="10" conditionals="12" coveredconditionals="12" methods="2" coveredmethods="2"/>
      <line num="1" count="1" type="stmt"/>
      <line num="2" count="3" type="cond" truecount="2" falsecount="0"/>
      <line num="3" count="2" type="stmt"/>
      <line num="6" count="1" type="stmt"/>
      <line num="7" count="20" type="cond" truecount="2" falsecount="0"/>
      <line num="8" count="14" type="cond" truecount="2" falsecount="0"/>
      <line num="9" count="8" type="cond" truecount="2" falsecount="0"/>
      <line num="10" count="5" type="cond" truecount="2" falsecount="0"/>
      <line num="11" count="3" type="cond" truecount="2" falsecount="0"/>
      <line num="12" count="1" type="stmt"/>
    </file>
    <file name="ttd.js" path="C:\GOG Games\ПРИЕХАТЬ В ВОИНКОМАТ ВЕСНОЙ\Учебка\Jest\jest-demo\ttd.js">
      <metrics statements="5" coveredstatements="4" conditionals="4" coveredconditionals="3" methods="1" coveredmethods="1"/>
      <line num="2" count="3" type="cond" truecount="1" falsecount="1"/>
      <line num="3" count="0" type="stmt"/>
      <line num="6" count="3" type="cond" truecount="2" falsecount="0"/>
      <line num="7" count="2" type="stmt"/>
      <line num="10" count="1" type="stmt"/>
    </file>
    <file name="utils.js" path="C:\GOG Games\ПРИЕХАТЬ В ВОИНКОМАТ ВЕСНОЙ\Учебка\Jest\jest-demo\utils.js">
      <metrics statements="8" coveredstatements="8" conditionals="10" coveredconditionals="9" methods="2" coveredmethods="2"/>
      <line num="1" count="1" type="stmt"/>
      <line num="2" count="4" type="cond" truecount="2" falsecount="0"/>
      <line num="3" count="3" type="cond" truecount="1" falsecount="1"/>
      <line num="4" count="3" type="cond" truecount="2" falsecount="0"/>
      <line num="7" count="1" type="stmt"/>
      <line num="8" count="12" type="cond" truecount="2" falsecount="0"/>
      <line num="9" count="5" type="cond" truecount="2" falsecount="0"/>
      <line num="10" count="2" type="stmt"/>
    </file>
  </project>
</coverage>
