{"C:\\GOG Games\\Раб.стол\\Учебка\\Jest\\jest-demo\\api.js": {"path":"C:\\GOG Games\\Раб.стол\\Учебка\\Jest\\jest-demo\\api.js","statementMap":{"0":{"start":{"line":1,"column":25},"end":{"line":11,"column":1}},"1":{"start":{"line":2,"column":4},"end":{"line":10,"column":7}},"2":{"start":{"line":3,"column":8},"end":{"line":9,"column":17}},"3":{"start":{"line":4,"column":12},"end":{"line":8,"column":13}},"4":{"start":{"line":5,"column":16},"end":{"line":5,"column":56}},"5":{"start":{"line":7,"column":16},"end":{"line":7,"column":52}}},"fnMap":{"0":{"name":"(anonymous_0)","decl":{"start":{"line":1,"column":25},"end":{"line":1,"column":26}},"loc":{"start":{"line":1,"column":39},"end":{"line":11,"column":1}},"line":1},"1":{"name":"(anonymous_1)","decl":{"start":{"line":2,"column":23},"end":{"line":2,"column":24}},"loc":{"start":{"line":2,"column":44},"end":{"line":10,"column":5}},"line":2},"2":{"name":"(anonymous_2)","decl":{"start":{"line":3,"column":19},"end":{"line":3,"column":20}},"loc":{"start":{"line":3,"column":25},"end":{"line":9,"column":9}},"line":3}},"branchMap":{"0":{"loc":{"start":{"line":4,"column":12},"end":{"line":8,"column":13}},"type":"if","locations":[{"start":{"line":4,"column":12},"end":{"line":8,"column":13}},{"start":{"line":6,"column":19},"end":{"line":8,"column":13}}],"line":4}},"s":{"0":1,"1":3,"2":3,"3":3,"4":2,"5":1},"f":{"0":3,"1":3,"2":3},"b":{"0":[2,1]},"_coverageSchema":"1a1c01bbd47fc00a2c39e90264f33305004495a9","hash":"04343670c13cfb36716ba9a851610708e69a23fe"}
,"C:\\GOG Games\\Раб.стол\\Учебка\\Jest\\jest-demo\\logger.js": {"path":"C:\\GOG Games\\Раб.стол\\Учебка\\Jest\\jest-demo\\logger.js","statementMap":{"0":{"start":{"line":1,"column":26},"end":{"line":8,"column":1}},"1":{"start":{"line":2,"column":4},"end":{"line":5,"column":5}},"2":{"start":{"line":3,"column":8},"end":{"line":3,"column":37}},"3":{"start":{"line":4,"column":8},"end":{"line":4,"column":35}},"4":{"start":{"line":6,"column":4},"end":{"line":6,"column":39}},"5":{"start":{"line":7,"column":4},"end":{"line":7,"column":32}}},"fnMap":{"0":{"name":"(anonymous_0)","decl":{"start":{"line":1,"column":26},"end":{"line":1,"column":27}},"loc":{"start":{"line":1,"column":39},"end":{"line":8,"column":1}},"line":1}},"branchMap":{"0":{"loc":{"start":{"line":2,"column":4},"end":{"line":5,"column":5}},"type":"if","locations":[{"start":{"line":2,"column":4},"end":{"line":5,"column":5}},{"start":{},"end":{}}],"line":2}},"s":{"0":1,"1":3,"2":1,"3":1,"4":2,"5":2},"f":{"0":3},"b":{"0":[1,2]},"_coverageSchema":"1a1c01bbd47fc00a2c39e90264f33305004495a9","hash":"b28cbe21d2c0858ed7023c0f58422c9253a01346"}
,"C:\\GOG Games\\Раб.стол\\Учебка\\Jest\\jest-demo\\math.js": {"path":"C:\\GOG Games\\Раб.стол\\Учебка\\Jest\\jest-demo\\math.js","statementMap":{"0":{"start":{"line":1,"column":22},"end":{"line":4,"column":1}},"1":{"start":{"line":2,"column":4},"end":{"line":2,"column":53}},"2":{"start":{"line":2,"column":17},"end":{"line":2,"column":53}},"3":{"start":{"line":3,"column":4},"end":{"line":3,"column":17}},"4":{"start":{"line":6,"column":33},"end":{"line":13,"column":1}},"5":{"start":{"line":7,"column":4},"end":{"line":7,"column":79}},"6":{"start":{"line":7,"column":36},"end":{"line":7,"column":79}},"7":{"start":{"line":8,"column":4},"end":{"line":8,"column":92}},"8":{"start":{"line":8,"column":42},"end":{"line":8,"column":92}},"9":{"start":{"line":9,"column":4},"end":{"line":9,"column":29}},"10":{"start":{"line":9,"column":20},"end":{"line":9,"column":29}},"11":{"start":{"line":10,"column":4},"end":{"line":10,"column":56}},"12":{"start":{"line":10,"column":36},"end":{"line":10,"column":56}},"13":{"start":{"line":11,"column":4},"end":{"line":11,"column":56}},"14":{"start":{"line":11,"column":36},"end":{"line":11,"column":56}},"15":{"start":{"line":12,"column":4},"end":{"line":12,"column":13}}},"fnMap":{"0":{"name":"(anonymous_0)","decl":{"start":{"line":1,"column":22},"end":{"line":1,"column":23}},"loc":{"start":{"line":1,"column":32},"end":{"line":4,"column":1}},"line":1},"1":{"name":"(anonymous_1)","decl":{"start":{"line":6,"column":33},"end":{"line":6,"column":34}},"loc":{"start":{"line":6,"column":59},"end":{"line":13,"column":1}},"line":6}},"branchMap":{"0":{"loc":{"start":{"line":2,"column":4},"end":{"line":2,"column":53}},"type":"if","locations":[{"start":{"line":2,"column":4},"end":{"line":2,"column":53}},{"start":{},"end":{}}],"line":2},"1":{"loc":{"start":{"line":7,"column":4},"end":{"line":7,"column":79}},"type":"if","locations":[{"start":{"line":7,"column":4},"end":{"line":7,"column":79}},{"start":{},"end":{}}],"line":7},"2":{"loc":{"start":{"line":8,"column":4},"end":{"line":8,"column":92}},"type":"if","locations":[{"start":{"line":8,"column":4},"end":{"line":8,"column":92}},{"start":{},"end":{}}],"line":8},"3":{"loc":{"start":{"line":9,"column":4},"end":{"line":9,"column":29}},"type":"if","locations":[{"start":{"line":9,"column":4},"end":{"line":9,"column":29}},{"start":{},"end":{}}],"line":9},"4":{"loc":{"start":{"line":10,"column":4},"end":{"line":10,"column":56}},"type":"if","locations":[{"start":{"line":10,"column":4},"end":{"line":10,"column":56}},{"start":{},"end":{}}],"line":10},"5":{"loc":{"start":{"line":11,"column":4},"end":{"line":11,"column":56}},"type":"if","locations":[{"start":{"line":11,"column":4},"end":{"line":11,"column":56}},{"start":{},"end":{}}],"line":11}},"s":{"0":1,"1":3,"2":1,"3":2,"4":1,"5":20,"6":6,"7":14,"8":6,"9":8,"10":3,"11":5,"12":2,"13":3,"14":2,"15":1},"f":{"0":3,"1":20},"b":{"0":[1,2],"1":[6,14],"2":[6,8],"3":[3,5],"4":[2,3],"5":[2,1]},"_coverageSchema":"1a1c01bbd47fc00a2c39e90264f33305004495a9","hash":"a289b54ca87df7ce67e73e9bf1d0ab4be5d8b2b5"}
,"C:\\GOG Games\\Раб.стол\\Учебка\\Jest\\jest-demo\\utils.js": {"path":"C:\\GOG Games\\Раб.стол\\Учебка\\Jest\\jest-demo\\utils.js","statementMap":{"0":{"start":{"line":1,"column":27},"end":{"line":5,"column":1}},"1":{"start":{"line":2,"column":4},"end":{"line":2,"column":75}},"2":{"start":{"line":2,"column":34},"end":{"line":2,"column":75}},"3":{"start":{"line":3,"column":4},"end":{"line":3,"column":77}},"4":{"start":{"line":3,"column":35},"end":{"line":3,"column":77}},"5":{"start":{"line":4,"column":4},"end":{"line":4,"column":66}},"6":{"start":{"line":7,"column":30},"end":{"line":11,"column":1}},"7":{"start":{"line":8,"column":4},"end":{"line":8,"column":75}},"8":{"start":{"line":8,"column":33},"end":{"line":8,"column":75}},"9":{"start":{"line":9,"column":4},"end":{"line":9,"column":44}},"10":{"start":{"line":9,"column":33},"end":{"line":9,"column":44}},"11":{"start":{"line":10,"column":4},"end":{"line":10,"column":43}}},"fnMap":{"0":{"name":"(anonymous_0)","decl":{"start":{"line":1,"column":27},"end":{"line":1,"column":28}},"loc":{"start":{"line":1,"column":48},"end":{"line":5,"column":1}},"line":1},"1":{"name":"(anonymous_1)","decl":{"start":{"line":7,"column":30},"end":{"line":7,"column":31}},"loc":{"start":{"line":7,"column":50},"end":{"line":11,"column":1}},"line":7}},"branchMap":{"0":{"loc":{"start":{"line":2,"column":4},"end":{"line":2,"column":75}},"type":"if","locations":[{"start":{"line":2,"column":4},"end":{"line":2,"column":75}},{"start":{},"end":{}}],"line":2},"1":{"loc":{"start":{"line":3,"column":4},"end":{"line":3,"column":77}},"type":"if","locations":[{"start":{"line":3,"column":4},"end":{"line":3,"column":77}},{"start":{},"end":{}}],"line":3},"2":{"loc":{"start":{"line":4,"column":34},"end":{"line":4,"column":63}},"type":"cond-expr","locations":[{"start":{"line":4,"column":48},"end":{"line":4,"column":54}},{"start":{"line":4,"column":57},"end":{"line":4,"column":63}}],"line":4},"3":{"loc":{"start":{"line":8,"column":4},"end":{"line":8,"column":75}},"type":"if","locations":[{"start":{"line":8,"column":4},"end":{"line":8,"column":75}},{"start":{},"end":{}}],"line":8},"4":{"loc":{"start":{"line":9,"column":4},"end":{"line":9,"column":44}},"type":"if","locations":[{"start":{"line":9,"column":4},"end":{"line":9,"column":44}},{"start":{},"end":{}}],"line":9}},"s":{"0":1,"1":4,"2":1,"3":3,"4":0,"5":3,"6":1,"7":12,"8":7,"9":5,"10":3,"11":2},"f":{"0":4,"1":12},"b":{"0":[1,3],"1":[0,3],"2":[2,1],"3":[7,5],"4":[3,2]},"_coverageSchema":"1a1c01bbd47fc00a2c39e90264f33305004495a9","hash":"f9165256b936eb1199b59da951831bdfc2239357"}
}
