TN:
SF:api.js
FN:1,(anonymous_0)
FN:2,(anonymous_1)
FN:3,(anonymous_2)
FNF:3
FNH:3
FNDA:3,(anonymous_0)
FNDA:3,(anonymous_1)
FNDA:3,(anonymous_2)
DA:1,1
DA:2,3
DA:3,3
DA:4,3
DA:5,2
DA:7,1
LF:6
LH:6
BRDA:4,0,0,2
BRDA:4,0,1,1
BRF:2
BRH:2
end_of_record
TN:
SF:logger.js
FN:1,(anonymous_0)
FNF:1
FNH:1
FNDA:3,(anonymous_0)
DA:1,1
DA:2,3
DA:3,1
DA:4,1
DA:6,2
DA:7,2
LF:6
LH:6
BRDA:2,0,0,1
BRDA:2,0,1,2
BRF:2
BRH:2
end_of_record
TN:
SF:math.js
FN:1,(anonymous_0)
FN:6,(anonymous_1)
FNF:2
FNH:2
FNDA:3,(anonymous_0)
FNDA:20,(anonymous_1)
DA:1,1
DA:2,3
DA:3,2
DA:6,1
DA:7,20
DA:8,14
DA:9,8
DA:10,5
DA:11,3
DA:12,1
LF:10
LH:10
BRDA:2,0,0,1
BRDA:2,0,1,2
BRDA:7,1,0,6
BRDA:7,1,1,14
BRDA:8,2,0,6
BRDA:8,2,1,8
BRDA:9,3,0,3
BRDA:9,3,1,5
BRDA:10,4,0,2
BRDA:10,4,1,3
BRDA:11,5,0,2
BRDA:11,5,1,1
BRF:12
BRH:12
end_of_record
TN:
SF:ttd.js
FN:1,truncateString
FNF:1
FNH:1
FNDA:3,truncateString
DA:2,3
DA:3,0
DA:6,3
DA:7,2
DA:10,1
LF:5
LH:4
BRDA:2,0,0,0
BRDA:2,0,1,3
BRDA:6,1,0,2
BRDA:6,1,1,1
BRF:4
BRH:3
end_of_record
TN:
SF:utils.js
FN:1,(anonymous_0)
FN:7,(anonymous_1)
FNF:2
FNH:2
FNDA:4,(anonymous_0)
FNDA:12,(anonymous_1)
DA:1,1
DA:2,4
DA:3,3
DA:4,3
DA:7,1
DA:8,12
DA:9,5
DA:10,2
LF:8
LH:8
BRDA:2,0,0,1
BRDA:2,0,1,3
BRDA:3,1,0,0
BRDA:3,1,1,3
BRDA:4,2,0,2
BRDA:4,2,1,1
BRDA:8,3,0,7
BRDA:8,3,1,5
BRDA:9,4,0,3
BRDA:9,4,1,2
BRF:10
BRH:9
end_of_record
